0 info it worked if it ends with ok
1 verbose cli [ '/Users/lilei/.nvm/versions/node/v6.10.0/bin/node',
1 verbose cli   '/Users/lilei/.nvm/versions/node/v6.10.0/bin/npm',
1 verbose cli   'run',
1 verbose cli   'app' ]
2 info using npm@3.10.10
3 info using node@v6.10.0
4 verbose run-script [ 'preapp', 'app', 'postapp' ]
5 info lifecycle smsguy@0.1.0~preapp: smsguy@0.1.0
6 silly lifecycle smsguy@0.1.0~preapp: no script for preapp, continuing
7 info lifecycle smsguy@0.1.0~app: smsguy@0.1.0
8 verbose lifecycle smsguy@0.1.0~app: unsafe-perm in lifecycle true
9 verbose lifecycle smsguy@0.1.0~app: PATH: /Users/lilei/.nvm/versions/node/v6.10.0/lib/node_modules/npm/bin/node-gyp-bin:/Users/lilei/Documents/github/anmoyi/node_modules/.bin:/Users/lilei/.nvm/versions/node/v6.10.0/bin:/usr/bin:/bin:/usr/sbin:/sbin:/usr/local/bin
10 verbose lifecycle smsguy@0.1.0~app: CWD: /Users/lilei/Documents/github/anmoyi
11 silly lifecycle smsguy@0.1.0~app: Args: [ '-c',
11 silly lifecycle   'coffee -o public/js -c public/coffee && coffee -o lib -c src && coffee src/app.coffee' ]
12 silly lifecycle smsguy@0.1.0~app: Returned: code: 1  signal: null
13 info lifecycle smsguy@0.1.0~app: Failed to exec app script
14 verbose stack Error: smsguy@0.1.0 app: `coffee -o public/js -c public/coffee && coffee -o lib -c src && coffee src/app.coffee`
14 verbose stack Exit status 1
14 verbose stack     at EventEmitter.<anonymous> (/Users/lilei/.nvm/versions/node/v6.10.0/lib/node_modules/npm/lib/utils/lifecycle.js:255:16)
14 verbose stack     at emitTwo (events.js:106:13)
14 verbose stack     at EventEmitter.emit (events.js:191:7)
14 verbose stack     at ChildProcess.<anonymous> (/Users/lilei/.nvm/versions/node/v6.10.0/lib/node_modules/npm/lib/utils/spawn.js:40:14)
14 verbose stack     at emitTwo (events.js:106:13)
14 verbose stack     at ChildProcess.emit (events.js:191:7)
14 verbose stack     at maybeClose (internal/child_process.js:877:16)
14 verbose stack     at Process.ChildProcess._handle.onexit (internal/child_process.js:226:5)
15 verbose pkgid smsguy@0.1.0
16 verbose cwd /Users/lilei/Documents/github/anmoyi
17 error Darwin 15.6.0
18 error argv "/Users/lilei/.nvm/versions/node/v6.10.0/bin/node" "/Users/lilei/.nvm/versions/node/v6.10.0/bin/npm" "run" "app"
19 error node v6.10.0
20 error npm  v3.10.10
21 error code ELIFECYCLE
22 error smsguy@0.1.0 app: `coffee -o public/js -c public/coffee && coffee -o lib -c src && coffee src/app.coffee`
22 error Exit status 1
23 error Failed at the smsguy@0.1.0 app script 'coffee -o public/js -c public/coffee && coffee -o lib -c src && coffee src/app.coffee'.
23 error Make sure you have the latest version of node.js and npm installed.
23 error If you do, this is most likely a problem with the smsguy package,
23 error not with npm itself.
23 error Tell the author that this fails on your system:
23 error     coffee -o public/js -c public/coffee && coffee -o lib -c src && coffee src/app.coffee
23 error You can get information on how to open an issue for this project with:
23 error     npm bugs smsguy
23 error Or if that isn't available, you can get their info via:
23 error     npm owner ls smsguy
23 error There is likely additional logging output above.
24 verbose exit [ 1, true ]
